Started GET "/" for 127.0.0.1 at 2019-01-16 00:33:55 -0500
Processing by Rails::WelcomeController#index as HTML
  Rendering /Users/thuyan.duong/.rvm/gems/ruby-2.3.3/gems/railties-5.2.2/lib/rails/templates/rails/welcome/index.html.erb
  Rendered /Users/thuyan.duong/.rvm/gems/ruby-2.3.3/gems/railties-5.2.2/lib/rails/templates/rails/welcome/index.html.erb (6.6ms)
Completed 200 OK in 27ms (Views: 22.5ms | ActiveRecord: 0.0ms)


  [1m[35m (0.1ms)[0m  [1m[34mSELECT sqlite_version(*)[0m
  ↳ /Users/thuyan.duong/.rvm/gems/ruby-2.3.3/bin/rake:23
  [1m[35m (1.6ms)[0m  [1m[35mCREATE TABLE "schema_migrations" ("version" varchar NOT NULL PRIMARY KEY)[0m
  ↳ /Users/thuyan.duong/.rvm/gems/ruby-2.3.3/bin/rake:23
  [1m[35m (1.2ms)[0m  [1m[35mCREATE TABLE "ar_internal_metadata" ("key" varchar NOT NULL PRIMARY KEY, "value" varchar, "created_at" datetime NOT NULL, "updated_at" datetime NOT NULL)[0m
  ↳ /Users/thuyan.duong/.rvm/gems/ruby-2.3.3/bin/rake:23
  [1m[35m (0.1ms)[0m  [1m[34mSELECT "schema_migrations"."version" FROM "schema_migrations" ORDER BY "schema_migrations"."version" ASC[0m
  ↳ /Users/thuyan.duong/.rvm/gems/ruby-2.3.3/bin/rake:23
Migrating to CreateHogs (20190116053410)
  [1m[35m (0.1ms)[0m  [1m[36mbegin transaction[0m
  ↳ /Users/thuyan.duong/.rvm/gems/ruby-2.3.3/bin/rake:23
  [1m[35m (0.5ms)[0m  [1m[35mCREATE TABLE "hogs" ("id" integer PRIMARY KEY AUTOINCREMENT NOT NULL, "name" varchar, "created_at" datetime NOT NULL, "updated_at" datetime NOT NULL)[0m
  ↳ db/migrate/20190116053410_create_hogs.rb:3
  [1m[36mActiveRecord::SchemaMigration Create (0.3ms)[0m  [1m[32mINSERT INTO "schema_migrations" ("version") VALUES (?)[0m  [["version", "20190116053410"]]
  ↳ /Users/thuyan.duong/.rvm/gems/ruby-2.3.3/bin/rake:23
  [1m[35m (1.1ms)[0m  [1m[36mcommit transaction[0m
  ↳ /Users/thuyan.duong/.rvm/gems/ruby-2.3.3/bin/rake:23
  [1m[36mActiveRecord::InternalMetadata Load (0.2ms)[0m  [1m[34mSELECT  "ar_internal_metadata".* FROM "ar_internal_metadata" WHERE "ar_internal_metadata"."key" = ? LIMIT ?[0m  [["key", "environment"], ["LIMIT", 1]]
  ↳ /Users/thuyan.duong/.rvm/gems/ruby-2.3.3/bin/rake:23
  [1m[35m (0.1ms)[0m  [1m[36mbegin transaction[0m
  ↳ /Users/thuyan.duong/.rvm/gems/ruby-2.3.3/bin/rake:23
  [1m[36mActiveRecord::InternalMetadata Create (0.4ms)[0m  [1m[32mINSERT INTO "ar_internal_metadata" ("key", "value", "created_at", "updated_at") VALUES (?, ?, ?, ?)[0m  [["key", "environment"], ["value", "development"], ["created_at", "2019-01-16 05:36:33.982507"], ["updated_at", "2019-01-16 05:36:33.982507"]]
  ↳ /Users/thuyan.duong/.rvm/gems/ruby-2.3.3/bin/rake:23
  [1m[35m (1.1ms)[0m  [1m[36mcommit transaction[0m
  ↳ /Users/thuyan.duong/.rvm/gems/ruby-2.3.3/bin/rake:23
  [1m[35m (0.2ms)[0m  [1m[34mSELECT "schema_migrations"."version" FROM "schema_migrations" ORDER BY "schema_migrations"."version" ASC[0m
  ↳ /Users/thuyan.duong/.rvm/gems/ruby-2.3.3/bin/rake:23
  [1m[35m (0.2ms)[0m  [1m[34mSELECT "schema_migrations"."version" FROM "schema_migrations" ORDER BY "schema_migrations"."version" ASC[0m
  ↳ /Users/thuyan.duong/.rvm/gems/ruby-2.3.3/bin/rake:23
  [1m[35m (0.0ms)[0m  [1m[36mbegin transaction[0m
  ↳ db/seeds.rb:9
  [1m[36mHog Create (0.6ms)[0m  [1m[32mINSERT INTO "hogs" ("name", "created_at", "updated_at") VALUES (?, ?, ?)[0m  [["name", "Porkchop"], ["created_at", "2019-01-16 05:36:39.669712"], ["updated_at", "2019-01-16 05:36:39.669712"]]
  ↳ db/seeds.rb:9
  [1m[35m (0.8ms)[0m  [1m[36mcommit transaction[0m
  ↳ db/seeds.rb:9
  [1m[35m (0.0ms)[0m  [1m[36mbegin transaction[0m
  ↳ db/seeds.rb:10
  [1m[36mHog Create (0.3ms)[0m  [1m[32mINSERT INTO "hogs" ("name", "created_at", "updated_at") VALUES (?, ?, ?)[0m  [["name", "Bacon"], ["created_at", "2019-01-16 05:36:39.672769"], ["updated_at", "2019-01-16 05:36:39.672769"]]
  ↳ db/seeds.rb:10
  [1m[35m (0.9ms)[0m  [1m[36mcommit transaction[0m
  ↳ db/seeds.rb:10
  [1m[35m (0.1ms)[0m  [1m[36mbegin transaction[0m
  ↳ db/seeds.rb:11
  [1m[36mHog Create (0.3ms)[0m  [1m[32mINSERT INTO "hogs" ("name", "created_at", "updated_at") VALUES (?, ?, ?)[0m  [["name", "Martha"], ["created_at", "2019-01-16 05:36:39.675064"], ["updated_at", "2019-01-16 05:36:39.675064"]]
  ↳ db/seeds.rb:11
  [1m[35m (0.9ms)[0m  [1m[36mcommit transaction[0m
  ↳ db/seeds.rb:11
  [1m[35m (0.0ms)[0m  [1m[36mbegin transaction[0m
  ↳ db/seeds.rb:12
  [1m[36mHog Create (0.6ms)[0m  [1m[32mINSERT INTO "hogs" ("name", "created_at", "updated_at") VALUES (?, ?, ?)[0m  [["name", "Lane"], ["created_at", "2019-01-16 05:36:39.677470"], ["updated_at", "2019-01-16 05:36:39.677470"]]
  ↳ db/seeds.rb:12
  [1m[35m (1.6ms)[0m  [1m[36mcommit transaction[0m
  ↳ db/seeds.rb:12
  [1m[35m (0.1ms)[0m  [1m[36mbegin transaction[0m
  ↳ db/seeds.rb:13
  [1m[36mHog Create (0.5ms)[0m  [1m[32mINSERT INTO "hogs" ("name", "created_at", "updated_at") VALUES (?, ?, ?)[0m  [["name", "Hillary"], ["created_at", "2019-01-16 05:36:39.682009"], ["updated_at", "2019-01-16 05:36:39.682009"]]
  ↳ db/seeds.rb:13
  [1m[35m (1.0ms)[0m  [1m[36mcommit transaction[0m
  ↳ db/seeds.rb:13
  [1m[35m (0.0ms)[0m  [1m[36mbegin transaction[0m
  ↳ db/seeds.rb:14
  [1m[36mHog Create (0.4ms)[0m  [1m[32mINSERT INTO "hogs" ("name", "created_at", "updated_at") VALUES (?, ?, ?)[0m  [["name", "Paul"], ["created_at", "2019-01-16 05:36:39.685118"], ["updated_at", "2019-01-16 05:36:39.685118"]]
  ↳ db/seeds.rb:14
  [1m[35m (0.9ms)[0m  [1m[36mcommit transaction[0m
  ↳ db/seeds.rb:14
Started GET "/hogs" for 127.0.0.1 at 2019-01-16 00:38:34 -0500
  [1m[35m (0.3ms)[0m  [1m[34mSELECT "schema_migrations"."version" FROM "schema_migrations" ORDER BY "schema_migrations"."version" ASC[0m
  ↳ /Users/thuyan.duong/.rvm/gems/ruby-2.3.3/gems/activerecord-5.2.2/lib/active_record/log_subscriber.rb:98
  
ActionController::RoutingError (No route matches [GET] "/hogs"):
  
actionpack (5.2.2) lib/action_dispatch/middleware/debug_exceptions.rb:65:in `call'
actionpack (5.2.2) lib/action_dispatch/middleware/show_exceptions.rb:33:in `call'
railties (5.2.2) lib/rails/rack/logger.rb:38:in `call_app'
railties (5.2.2) lib/rails/rack/logger.rb:26:in `block in call'
activesupport (5.2.2) lib/active_support/tagged_logging.rb:71:in `block in tagged'
activesupport (5.2.2) lib/active_support/tagged_logging.rb:28:in `tagged'
activesupport (5.2.2) lib/active_support/tagged_logging.rb:71:in `tagged'
railties (5.2.2) lib/rails/rack/logger.rb:26:in `call'
actionpack (5.2.2) lib/action_dispatch/middleware/remote_ip.rb:81:in `call'
actionpack (5.2.2) lib/action_dispatch/middleware/request_id.rb:27:in `call'
rack (2.0.6) lib/rack/runtime.rb:22:in `call'
activesupport (5.2.2) lib/active_support/cache/strategy/local_cache_middleware.rb:29:in `call'
actionpack (5.2.2) lib/action_dispatch/middleware/executor.rb:14:in `call'
actionpack (5.2.2) lib/action_dispatch/middleware/static.rb:127:in `call'
rack (2.0.6) lib/rack/sendfile.rb:111:in `call'
railties (5.2.2) lib/rails/engine.rb:524:in `call'
puma (3.12.0) lib/puma/configuration.rb:225:in `call'
puma (3.12.0) lib/puma/server.rb:658:in `handle_request'
puma (3.12.0) lib/puma/server.rb:472:in `process_client'
puma (3.12.0) lib/puma/server.rb:332:in `block in run'
puma (3.12.0) lib/puma/thread_pool.rb:133:in `block in spawn_thread'
Started GET "/hogs" for 127.0.0.1 at 2019-01-16 00:39:03 -0500
  [1m[35m (0.3ms)[0m  [1m[34mSELECT "schema_migrations"."version" FROM "schema_migrations" ORDER BY "schema_migrations"."version" ASC[0m
  ↳ /Users/thuyan.duong/.rvm/gems/ruby-2.3.3/gems/activerecord-5.2.2/lib/active_record/log_subscriber.rb:98
Processing by HogsController#index as HTML
  [1m[36mHog Load (0.2ms)[0m  [1m[34mSELECT "hogs".* FROM "hogs"[0m
  ↳ app/controllers/hogs_controller.rb:3
Completed 200 OK in 12ms (Views: 9.2ms | ActiveRecord: 1.0ms)


Started GET "/hogs" for 127.0.0.1 at 2019-01-16 00:55:23 -0500
Processing by HogsController#index as */*
  [1m[36mHog Load (0.2ms)[0m  [1m[34mSELECT "hogs".* FROM "hogs"[0m
  ↳ app/controllers/hogs_controller.rb:3
Completed 200 OK in 5ms (Views: 3.9ms | ActiveRecord: 0.5ms)


Started GET "/hogs" for 127.0.0.1 at 2019-01-16 00:56:23 -0500
Processing by HogsController#index as */*
  [1m[36mHog Load (0.7ms)[0m  [1m[34mSELECT "hogs".* FROM "hogs"[0m
  ↳ app/controllers/hogs_controller.rb:3
Completed 200 OK in 4ms (Views: 3.0ms | ActiveRecord: 0.7ms)


Started GET "/hogs" for 127.0.0.1 at 2019-01-16 00:57:37 -0500
Processing by HogsController#index as */*
  [1m[36mHog Load (0.2ms)[0m  [1m[34mSELECT "hogs".* FROM "hogs"[0m
  ↳ app/controllers/hogs_controller.rb:3
Completed 200 OK in 4ms (Views: 2.8ms | ActiveRecord: 0.2ms)


Started GET "/hogs" for 127.0.0.1 at 2019-01-16 00:59:41 -0500
Processing by HogsController#index as HTML
  [1m[36mHog Load (0.1ms)[0m  [1m[34mSELECT "hogs".* FROM "hogs"[0m
  ↳ app/controllers/hogs_controller.rb:3
Completed 200 OK in 11ms (Views: 1.6ms | ActiveRecord: 0.6ms)


Started GET "/hogs" for 127.0.0.1 at 2019-01-16 01:00:06 -0500
Processing by HogsController#index as */*
  [1m[36mHog Load (0.2ms)[0m  [1m[34mSELECT "hogs".* FROM "hogs"[0m
  ↳ app/controllers/hogs_controller.rb:3
Completed 200 OK in 8ms (Views: 1.0ms | ActiveRecord: 0.9ms)


Started GET "/hogs" for 127.0.0.1 at 2019-01-16 01:00:28 -0500
Processing by HogsController#index as */*
  [1m[36mHog Load (0.2ms)[0m  [1m[34mSELECT "hogs".* FROM "hogs"[0m
  ↳ app/controllers/hogs_controller.rb:3
Completed 200 OK in 3ms (Views: 1.4ms | ActiveRecord: 0.2ms)


Started GET "/hogs" for 127.0.0.1 at 2019-01-16 01:00:44 -0500
Processing by HogsController#index as */*
  [1m[36mHog Load (0.3ms)[0m  [1m[34mSELECT "hogs".* FROM "hogs"[0m
  ↳ app/controllers/hogs_controller.rb:3
Completed 200 OK in 3ms (Views: 1.4ms | ActiveRecord: 0.3ms)


Started GET "/hogs" for 127.0.0.1 at 2019-01-16 01:03:27 -0500
Processing by HogsController#index as */*
  [1m[36mHog Load (0.2ms)[0m  [1m[34mSELECT "hogs".* FROM "hogs"[0m
  ↳ app/controllers/hogs_controller.rb:3
Completed 200 OK in 2ms (Views: 1.4ms | ActiveRecord: 0.2ms)


Started GET "/hogs" for 127.0.0.1 at 2019-01-16 01:03:52 -0500
Processing by HogsController#index as */*
  [1m[36mHog Load (0.4ms)[0m  [1m[34mSELECT "hogs".* FROM "hogs"[0m
  ↳ app/controllers/hogs_controller.rb:3
Completed 200 OK in 4ms (Views: 1.7ms | ActiveRecord: 0.4ms)


Started GET "/hogs" for 127.0.0.1 at 2019-01-16 01:10:19 -0500
Processing by HogsController#index as */*
  [1m[36mHog Load (0.4ms)[0m  [1m[34mSELECT "hogs".* FROM "hogs"[0m
  ↳ app/controllers/hogs_controller.rb:3
Completed 200 OK in 3ms (Views: 0.8ms | ActiveRecord: 0.8ms)


Started GET "/hogs" for 127.0.0.1 at 2019-01-16 01:11:33 -0500
Processing by HogsController#index as */*
  [1m[36mHog Load (0.1ms)[0m  [1m[34mSELECT "hogs".* FROM "hogs"[0m
  ↳ app/controllers/hogs_controller.rb:3
Completed 200 OK in 2ms (Views: 1.0ms | ActiveRecord: 0.1ms)


Started GET "/hogs" for 127.0.0.1 at 2019-01-16 01:13:12 -0500
Processing by HogsController#index as */*
  [1m[36mHog Load (0.4ms)[0m  [1m[34mSELECT "hogs".* FROM "hogs"[0m
  ↳ app/controllers/hogs_controller.rb:3
Completed 200 OK in 5ms (Views: 3.2ms | ActiveRecord: 0.4ms)


Started GET "/hogs" for 127.0.0.1 at 2019-01-16 01:13:57 -0500
Processing by HogsController#index as */*
  [1m[36mHog Load (0.1ms)[0m  [1m[34mSELECT "hogs".* FROM "hogs"[0m
  ↳ app/controllers/hogs_controller.rb:3
Completed 200 OK in 2ms (Views: 1.1ms | ActiveRecord: 0.1ms)


Started GET "/hogs" for 127.0.0.1 at 2019-01-16 01:18:23 -0500
Processing by HogsController#index as */*
  [1m[36mHog Load (0.1ms)[0m  [1m[34mSELECT "hogs".* FROM "hogs"[0m
  ↳ app/controllers/hogs_controller.rb:3
Completed 200 OK in 2ms (Views: 1.1ms | ActiveRecord: 0.1ms)


Started GET "/hogs" for 127.0.0.1 at 2019-01-16 01:18:33 -0500
Processing by HogsController#index as HTML
  [1m[36mHog Load (0.4ms)[0m  [1m[34mSELECT "hogs".* FROM "hogs"[0m
  ↳ app/controllers/hogs_controller.rb:3
Completed 200 OK in 2ms (Views: 0.9ms | ActiveRecord: 0.4ms)


Started GET "/favicon.ico" for 127.0.0.1 at 2019-01-16 01:18:34 -0500
  
ActionController::RoutingError (No route matches [GET] "/favicon.ico"):
  
actionpack (5.2.2) lib/action_dispatch/middleware/debug_exceptions.rb:65:in `call'
actionpack (5.2.2) lib/action_dispatch/middleware/show_exceptions.rb:33:in `call'
railties (5.2.2) lib/rails/rack/logger.rb:38:in `call_app'
railties (5.2.2) lib/rails/rack/logger.rb:26:in `block in call'
activesupport (5.2.2) lib/active_support/tagged_logging.rb:71:in `block in tagged'
activesupport (5.2.2) lib/active_support/tagged_logging.rb:28:in `tagged'
activesupport (5.2.2) lib/active_support/tagged_logging.rb:71:in `tagged'
railties (5.2.2) lib/rails/rack/logger.rb:26:in `call'
actionpack (5.2.2) lib/action_dispatch/middleware/remote_ip.rb:81:in `call'
actionpack (5.2.2) lib/action_dispatch/middleware/request_id.rb:27:in `call'
rack (2.0.6) lib/rack/runtime.rb:22:in `call'
activesupport (5.2.2) lib/active_support/cache/strategy/local_cache_middleware.rb:29:in `call'
actionpack (5.2.2) lib/action_dispatch/middleware/executor.rb:14:in `call'
actionpack (5.2.2) lib/action_dispatch/middleware/static.rb:127:in `call'
rack (2.0.6) lib/rack/sendfile.rb:111:in `call'
rack-cors (1.0.2) lib/rack/cors.rb:97:in `call'
railties (5.2.2) lib/rails/engine.rb:524:in `call'
puma (3.12.0) lib/puma/configuration.rb:225:in `call'
puma (3.12.0) lib/puma/server.rb:658:in `handle_request'
puma (3.12.0) lib/puma/server.rb:472:in `process_client'
puma (3.12.0) lib/puma/server.rb:332:in `block in run'
puma (3.12.0) lib/puma/thread_pool.rb:133:in `block in spawn_thread'
Started POST "/hogs" for 127.0.0.1 at 2019-01-16 01:18:41 -0500
Processing by HogsController#create as */*
  Parameters: {"name"=>"Rob", "hog"=>{"name"=>"Rob"}}
  [1m[35m (0.1ms)[0m  [1m[36mbegin transaction[0m
  ↳ app/controllers/hogs_controller.rb:7
  [1m[36mHog Create (1.2ms)[0m  [1m[32mINSERT INTO "hogs" ("name", "created_at", "updated_at") VALUES (?, ?, ?)[0m  [["name", "Rob"], ["created_at", "2019-01-16 06:18:41.533012"], ["updated_at", "2019-01-16 06:18:41.533012"]]
  ↳ app/controllers/hogs_controller.rb:7
  [1m[35m (3.2ms)[0m  [1m[36mcommit transaction[0m
  ↳ app/controllers/hogs_controller.rb:7
Completed 200 OK in 11ms (Views: 0.5ms | ActiveRecord: 4.6ms)


Started GET "/hogs" for 127.0.0.1 at 2019-01-16 01:18:41 -0500
Processing by HogsController#index as */*
  [1m[36mHog Load (0.2ms)[0m  [1m[34mSELECT "hogs".* FROM "hogs"[0m
  ↳ app/controllers/hogs_controller.rb:3
Completed 200 OK in 2ms (Views: 1.1ms | ActiveRecord: 0.2ms)


Started GET "/hogs" for 127.0.0.1 at 2019-01-16 01:19:11 -0500
Processing by HogsController#index as */*
  [1m[36mHog Load (0.3ms)[0m  [1m[34mSELECT "hogs".* FROM "hogs"[0m
  ↳ app/controllers/hogs_controller.rb:3
Completed 200 OK in 3ms (Views: 1.3ms | ActiveRecord: 0.3ms)


Started POST "/hogs" for 127.0.0.1 at 2019-01-16 01:19:24 -0500
Processing by HogsController#create as */*
  Parameters: {"name"=>"Piggy", "hog"=>{"name"=>"Piggy"}}
  [1m[35m (0.1ms)[0m  [1m[36mbegin transaction[0m
  ↳ app/controllers/hogs_controller.rb:7
  [1m[36mHog Create (0.5ms)[0m  [1m[32mINSERT INTO "hogs" ("name", "created_at", "updated_at") VALUES (?, ?, ?)[0m  [["name", "Piggy"], ["created_at", "2019-01-16 06:19:24.151546"], ["updated_at", "2019-01-16 06:19:24.151546"]]
  ↳ app/controllers/hogs_controller.rb:7
  [1m[35m (3.2ms)[0m  [1m[36mcommit transaction[0m
  ↳ app/controllers/hogs_controller.rb:7
Completed 200 OK in 7ms (Views: 0.3ms | ActiveRecord: 3.7ms)


Started GET "/hogs" for 127.0.0.1 at 2019-01-16 01:19:38 -0500
Processing by HogsController#index as */*
  [1m[36mHog Load (0.2ms)[0m  [1m[34mSELECT "hogs".* FROM "hogs"[0m
  ↳ app/controllers/hogs_controller.rb:3
Completed 200 OK in 2ms (Views: 1.0ms | ActiveRecord: 0.2ms)


Started POST "/hogs" for 127.0.0.1 at 2019-01-16 01:19:44 -0500
Processing by HogsController#create as */*
  Parameters: {"name"=>"Gilbert", "hog"=>{"name"=>"Gilbert"}}
  [1m[35m (0.1ms)[0m  [1m[36mbegin transaction[0m
  ↳ app/controllers/hogs_controller.rb:7
  [1m[36mHog Create (0.4ms)[0m  [1m[32mINSERT INTO "hogs" ("name", "created_at", "updated_at") VALUES (?, ?, ?)[0m  [["name", "Gilbert"], ["created_at", "2019-01-16 06:19:44.207062"], ["updated_at", "2019-01-16 06:19:44.207062"]]
  ↳ app/controllers/hogs_controller.rb:7
  [1m[35m (3.1ms)[0m  [1m[36mcommit transaction[0m
  ↳ app/controllers/hogs_controller.rb:7
Completed 200 OK in 6ms (Views: 0.3ms | ActiveRecord: 3.7ms)


Started GET "/hogs" for 127.0.0.1 at 2019-01-16 01:19:54 -0500
Processing by HogsController#index as HTML
  [1m[36mHog Load (0.2ms)[0m  [1m[34mSELECT "hogs".* FROM "hogs"[0m
  ↳ app/controllers/hogs_controller.rb:3
Completed 200 OK in 2ms (Views: 1.2ms | ActiveRecord: 0.2ms)


Started GET "/hogs" for 127.0.0.1 at 2019-01-16 11:19:52 -0500
  [1m[35m (0.4ms)[0m  [1m[34mSELECT "schema_migrations"."version" FROM "schema_migrations" ORDER BY "schema_migrations"."version" ASC[0m
  ↳ /Users/thuyan.duong/.rvm/gems/ruby-2.3.3/gems/activerecord-5.2.2/lib/active_record/log_subscriber.rb:98
Processing by HogsController#index as HTML
  [1m[36mHog Load (0.4ms)[0m  [1m[34mSELECT "hogs".* FROM "hogs"[0m
  ↳ app/controllers/hogs_controller.rb:3
Completed 200 OK in 13ms (Views: 1.4ms | ActiveRecord: 1.2ms)


Started GET "/favicon.ico" for 127.0.0.1 at 2019-01-16 11:19:52 -0500
  
ActionController::RoutingError (No route matches [GET] "/favicon.ico"):
  
actionpack (5.2.2) lib/action_dispatch/middleware/debug_exceptions.rb:65:in `call'
actionpack (5.2.2) lib/action_dispatch/middleware/show_exceptions.rb:33:in `call'
railties (5.2.2) lib/rails/rack/logger.rb:38:in `call_app'
railties (5.2.2) lib/rails/rack/logger.rb:26:in `block in call'
activesupport (5.2.2) lib/active_support/tagged_logging.rb:71:in `block in tagged'
activesupport (5.2.2) lib/active_support/tagged_logging.rb:28:in `tagged'
activesupport (5.2.2) lib/active_support/tagged_logging.rb:71:in `tagged'
railties (5.2.2) lib/rails/rack/logger.rb:26:in `call'
actionpack (5.2.2) lib/action_dispatch/middleware/remote_ip.rb:81:in `call'
actionpack (5.2.2) lib/action_dispatch/middleware/request_id.rb:27:in `call'
rack (2.0.6) lib/rack/runtime.rb:22:in `call'
activesupport (5.2.2) lib/active_support/cache/strategy/local_cache_middleware.rb:29:in `call'
actionpack (5.2.2) lib/action_dispatch/middleware/executor.rb:14:in `call'
actionpack (5.2.2) lib/action_dispatch/middleware/static.rb:127:in `call'
rack (2.0.6) lib/rack/sendfile.rb:111:in `call'
rack-cors (1.0.2) lib/rack/cors.rb:97:in `call'
railties (5.2.2) lib/rails/engine.rb:524:in `call'
puma (3.12.0) lib/puma/configuration.rb:225:in `call'
puma (3.12.0) lib/puma/server.rb:658:in `handle_request'
puma (3.12.0) lib/puma/server.rb:472:in `process_client'
puma (3.12.0) lib/puma/server.rb:332:in `block in run'
puma (3.12.0) lib/puma/thread_pool.rb:133:in `block in spawn_thread'
Started GET "/hogs" for 127.0.0.1 at 2019-01-16 11:20:29 -0500
Processing by HogsController#index as */*
  [1m[36mHog Load (0.2ms)[0m  [1m[34mSELECT "hogs".* FROM "hogs"[0m
  ↳ app/controllers/hogs_controller.rb:3
Completed 200 OK in 6ms (Views: 3.9ms | ActiveRecord: 0.2ms)


Started POST "/hogs" for 127.0.0.1 at 2019-01-16 11:20:46 -0500
Processing by HogsController#create as */*
  Parameters: {"name"=>"Fluffy", "hog"=>{"name"=>"Fluffy"}}
  [1m[35m (0.0ms)[0m  [1m[36mbegin transaction[0m
  ↳ app/controllers/hogs_controller.rb:7
  [1m[36mHog Create (2.4ms)[0m  [1m[32mINSERT INTO "hogs" ("name", "created_at", "updated_at") VALUES (?, ?, ?)[0m  [["name", "Fluffy"], ["created_at", "2019-01-16 16:20:46.731872"], ["updated_at", "2019-01-16 16:20:46.731872"]]
  ↳ app/controllers/hogs_controller.rb:7
  [1m[35m (1.2ms)[0m  [1m[36mcommit transaction[0m
  ↳ app/controllers/hogs_controller.rb:7
Completed 200 OK in 8ms (Views: 0.8ms | ActiveRecord: 3.7ms)


Started GET "/hogs" for 127.0.0.1 at 2019-01-16 11:20:49 -0500
Processing by HogsController#index as HTML
  [1m[36mHog Load (0.2ms)[0m  [1m[34mSELECT "hogs".* FROM "hogs"[0m
  ↳ app/controllers/hogs_controller.rb:3
Completed 200 OK in 5ms (Views: 2.7ms | ActiveRecord: 0.2ms)


Started GET "/hogs" for 127.0.0.1 at 2019-01-16 11:25:28 -0500
  [1m[35m (0.2ms)[0m  [1m[34mSELECT "schema_migrations"."version" FROM "schema_migrations" ORDER BY "schema_migrations"."version" ASC[0m
  ↳ /Users/thuyan.duong/.rvm/gems/ruby-2.4.5/gems/activerecord-5.2.2/lib/active_record/log_subscriber.rb:98
Processing by HogsController#index as HTML
  [1m[36mHog Load (0.2ms)[0m  [1m[34mSELECT "hogs".* FROM "hogs"[0m
  ↳ app/controllers/hogs_controller.rb:3
Completed 200 OK in 15ms (Views: 2.7ms | ActiveRecord: 1.2ms)


Started GET "/hogs" for 127.0.0.1 at 2019-01-16 11:28:18 -0500
  
ActiveRecord::NoDatabaseError (FATAL:  database "piggy_test_development" does not exist
):
  
activerecord (5.2.2) lib/active_record/connection_adapters/postgresql_adapter.rb:696:in `rescue in connect'
activerecord (5.2.2) lib/active_record/connection_adapters/postgresql_adapter.rb:691:in `connect'
activerecord (5.2.2) lib/active_record/connection_adapters/postgresql_adapter.rb:223:in `initialize'
activerecord (5.2.2) lib/active_record/connection_adapters/postgresql_adapter.rb:48:in `new'
activerecord (5.2.2) lib/active_record/connection_adapters/postgresql_adapter.rb:48:in `postgresql_connection'
activerecord (5.2.2) lib/active_record/connection_adapters/abstract/connection_pool.rb:811:in `new_connection'
activerecord (5.2.2) lib/active_record/connection_adapters/abstract/connection_pool.rb:855:in `checkout_new_connection'
activerecord (5.2.2) lib/active_record/connection_adapters/abstract/connection_pool.rb:834:in `try_to_checkout_new_connection'
activerecord (5.2.2) lib/active_record/connection_adapters/abstract/connection_pool.rb:795:in `acquire_connection'
activerecord (5.2.2) lib/active_record/connection_adapters/abstract/connection_pool.rb:523:in `checkout'
activerecord (5.2.2) lib/active_record/connection_adapters/abstract/connection_pool.rb:382:in `connection'
activerecord (5.2.2) lib/active_record/connection_adapters/abstract/connection_pool.rb:1010:in `retrieve_connection'
activerecord (5.2.2) lib/active_record/connection_handling.rb:118:in `retrieve_connection'
activerecord (5.2.2) lib/active_record/connection_handling.rb:90:in `connection'
activerecord (5.2.2) lib/active_record/migration.rb:554:in `call'
actionpack (5.2.2) lib/action_dispatch/middleware/callbacks.rb:28:in `block in call'
activesupport (5.2.2) lib/active_support/callbacks.rb:98:in `run_callbacks'
actionpack (5.2.2) lib/action_dispatch/middleware/callbacks.rb:26:in `call'
actionpack (5.2.2) lib/action_dispatch/middleware/executor.rb:14:in `call'
actionpack (5.2.2) lib/action_dispatch/middleware/debug_exceptions.rb:61:in `call'
actionpack (5.2.2) lib/action_dispatch/middleware/show_exceptions.rb:33:in `call'
railties (5.2.2) lib/rails/rack/logger.rb:38:in `call_app'
railties (5.2.2) lib/rails/rack/logger.rb:26:in `block in call'
activesupport (5.2.2) lib/active_support/tagged_logging.rb:71:in `block in tagged'
activesupport (5.2.2) lib/active_support/tagged_logging.rb:28:in `tagged'
activesupport (5.2.2) lib/active_support/tagged_logging.rb:71:in `tagged'
railties (5.2.2) lib/rails/rack/logger.rb:26:in `call'
actionpack (5.2.2) lib/action_dispatch/middleware/remote_ip.rb:81:in `call'
actionpack (5.2.2) lib/action_dispatch/middleware/request_id.rb:27:in `call'
rack (2.0.6) lib/rack/runtime.rb:22:in `call'
activesupport (5.2.2) lib/active_support/cache/strategy/local_cache_middleware.rb:29:in `call'
actionpack (5.2.2) lib/action_dispatch/middleware/executor.rb:14:in `call'
actionpack (5.2.2) lib/action_dispatch/middleware/static.rb:127:in `call'
rack (2.0.6) lib/rack/sendfile.rb:111:in `call'
rack-cors (1.0.2) lib/rack/cors.rb:97:in `call'
railties (5.2.2) lib/rails/engine.rb:524:in `call'
puma (3.12.0) lib/puma/configuration.rb:225:in `call'
puma (3.12.0) lib/puma/server.rb:658:in `handle_request'
puma (3.12.0) lib/puma/server.rb:472:in `process_client'
puma (3.12.0) lib/puma/server.rb:332:in `block in run'
puma (3.12.0) lib/puma/thread_pool.rb:133:in `block in spawn_thread'
  [1m[35m (657.9ms)[0m  [1m[35mCREATE DATABASE "piggy_test_development" ENCODING = 'unicode'[0m
  ↳ /Users/thuyan.duong/.rvm/gems/ruby-2.4.5/bin/rake:23
  [1m[35m (482.9ms)[0m  [1m[35mCREATE DATABASE "piggy_test_test" ENCODING = 'unicode'[0m
  ↳ /Users/thuyan.duong/.rvm/gems/ruby-2.4.5/bin/rake:23
  [1m[35m (1.1ms)[0m  [1m[35mDROP TABLE IF EXISTS "hogs" CASCADE[0m
  ↳ db/schema.rb:15
  [1m[35m (22.0ms)[0m  [1m[35mCREATE TABLE "hogs" ("id" bigserial primary key, "name" character varying, "created_at" timestamp NOT NULL, "updated_at" timestamp NOT NULL)[0m
  ↳ db/schema.rb:15
  [1m[35m (5.9ms)[0m  [1m[35mCREATE TABLE "schema_migrations" ("version" character varying NOT NULL PRIMARY KEY)[0m
  ↳ db/schema.rb:13
  [1m[35m (0.7ms)[0m  [1m[34mSELECT "schema_migrations"."version" FROM "schema_migrations" ORDER BY "schema_migrations"."version" ASC[0m
  ↳ db/schema.rb:13
  [1m[35m (1.9ms)[0m  [1m[32mINSERT INTO "schema_migrations" (version) VALUES (20190116053410)[0m
  ↳ db/schema.rb:13
  [1m[35m (5.7ms)[0m  [1m[35mCREATE TABLE "ar_internal_metadata" ("key" character varying NOT NULL PRIMARY KEY, "value" character varying, "created_at" timestamp NOT NULL, "updated_at" timestamp NOT NULL)[0m
  ↳ db/schema.rb:13
  [1m[36mActiveRecord::InternalMetadata Load (0.8ms)[0m  [1m[34mSELECT  "ar_internal_metadata".* FROM "ar_internal_metadata" WHERE "ar_internal_metadata"."key" = $1 LIMIT $2[0m  [["key", "environment"], ["LIMIT", 1]]
  ↳ db/schema.rb:13
  [1m[35m (0.4ms)[0m  [1m[35mBEGIN[0m
  ↳ db/schema.rb:13
  [1m[36mActiveRecord::InternalMetadata Create (1.3ms)[0m  [1m[32mINSERT INTO "ar_internal_metadata" ("key", "value", "created_at", "updated_at") VALUES ($1, $2, $3, $4) RETURNING "key"[0m  [["key", "environment"], ["value", "development"], ["created_at", "2019-01-16 16:28:36.185864"], ["updated_at", "2019-01-16 16:28:36.185864"]]
  ↳ db/schema.rb:13
  [1m[35m (5.0ms)[0m  [1m[35mCOMMIT[0m
  ↳ db/schema.rb:13
  [1m[36mActiveRecord::InternalMetadata Load (0.6ms)[0m  [1m[34mSELECT  "ar_internal_metadata".* FROM "ar_internal_metadata" WHERE "ar_internal_metadata"."key" = $1 LIMIT $2[0m  [["key", "environment"], ["LIMIT", 1]]
  ↳ /Users/thuyan.duong/.rvm/gems/ruby-2.4.5/bin/rake:23
  [1m[35m (0.1ms)[0m  [1m[35mBEGIN[0m
  ↳ /Users/thuyan.duong/.rvm/gems/ruby-2.4.5/bin/rake:23
  [1m[35m (0.1ms)[0m  [1m[35mCOMMIT[0m
  ↳ /Users/thuyan.duong/.rvm/gems/ruby-2.4.5/bin/rake:23
  [1m[35m (0.4ms)[0m  [1m[35mDROP TABLE IF EXISTS "hogs" CASCADE[0m
  ↳ db/schema.rb:15
  [1m[35m (11.1ms)[0m  [1m[35mCREATE TABLE "hogs" ("id" bigserial primary key, "name" character varying, "created_at" timestamp NOT NULL, "updated_at" timestamp NOT NULL)[0m
  ↳ db/schema.rb:15
  [1m[35m (4.5ms)[0m  [1m[35mCREATE TABLE "schema_migrations" ("version" character varying NOT NULL PRIMARY KEY)[0m
  ↳ db/schema.rb:13
  [1m[35m (1.5ms)[0m  [1m[34mSELECT "schema_migrations"."version" FROM "schema_migrations" ORDER BY "schema_migrations"."version" ASC[0m
  ↳ db/schema.rb:13
  [1m[35m (0.9ms)[0m  [1m[32mINSERT INTO "schema_migrations" (version) VALUES (20190116053410)[0m
  ↳ db/schema.rb:13
  [1m[35m (4.2ms)[0m  [1m[35mCREATE TABLE "ar_internal_metadata" ("key" character varying NOT NULL PRIMARY KEY, "value" character varying, "created_at" timestamp NOT NULL, "updated_at" timestamp NOT NULL)[0m
  ↳ db/schema.rb:13
  [1m[36mActiveRecord::InternalMetadata Load (0.4ms)[0m  [1m[34mSELECT  "ar_internal_metadata".* FROM "ar_internal_metadata" WHERE "ar_internal_metadata"."key" = $1 LIMIT $2[0m  [["key", "environment"], ["LIMIT", 1]]
  ↳ db/schema.rb:13
  [1m[35m (0.1ms)[0m  [1m[35mBEGIN[0m
  ↳ db/schema.rb:13
  [1m[36mActiveRecord::InternalMetadata Create (0.7ms)[0m  [1m[32mINSERT INTO "ar_internal_metadata" ("key", "value", "created_at", "updated_at") VALUES ($1, $2, $3, $4) RETURNING "key"[0m  [["key", "environment"], ["value", "development"], ["created_at", "2019-01-16 16:28:36.256310"], ["updated_at", "2019-01-16 16:28:36.256310"]]
  ↳ db/schema.rb:13
  [1m[35m (0.4ms)[0m  [1m[35mCOMMIT[0m
  ↳ db/schema.rb:13
  [1m[36mActiveRecord::InternalMetadata Load (0.2ms)[0m  [1m[34mSELECT  "ar_internal_metadata".* FROM "ar_internal_metadata" WHERE "ar_internal_metadata"."key" = $1 LIMIT $2[0m  [["key", "environment"], ["LIMIT", 1]]
  ↳ /Users/thuyan.duong/.rvm/gems/ruby-2.4.5/bin/rake:23
  [1m[35m (0.1ms)[0m  [1m[35mBEGIN[0m
  ↳ /Users/thuyan.duong/.rvm/gems/ruby-2.4.5/bin/rake:23
  [1m[36mActiveRecord::InternalMetadata Update (0.4ms)[0m  [1m[33mUPDATE "ar_internal_metadata" SET "value" = $1, "updated_at" = $2 WHERE "ar_internal_metadata"."key" = $3[0m  [["value", "test"], ["updated_at", "2019-01-16 16:28:36.260317"], ["key", "environment"]]
  ↳ /Users/thuyan.duong/.rvm/gems/ruby-2.4.5/bin/rake:23
  [1m[35m (0.3ms)[0m  [1m[35mCOMMIT[0m
  ↳ /Users/thuyan.duong/.rvm/gems/ruby-2.4.5/bin/rake:23
  [1m[35m (1.5ms)[0m  [1m[34mSELECT "schema_migrations"."version" FROM "schema_migrations" ORDER BY "schema_migrations"."version" ASC[0m
  ↳ /Users/thuyan.duong/.rvm/gems/ruby-2.4.5/bin/rake:23
  [1m[35m (0.1ms)[0m  [1m[35mBEGIN[0m
  ↳ db/seeds.rb:9
  [1m[36mHog Create (1.0ms)[0m  [1m[32mINSERT INTO "hogs" ("name", "created_at", "updated_at") VALUES ($1, $2, $3) RETURNING "id"[0m  [["name", "Porkchop"], ["created_at", "2019-01-16 16:28:36.309736"], ["updated_at", "2019-01-16 16:28:36.309736"]]
  ↳ db/seeds.rb:9
  [1m[35m (0.5ms)[0m  [1m[35mCOMMIT[0m
  ↳ db/seeds.rb:9
  [1m[35m (0.1ms)[0m  [1m[35mBEGIN[0m
  ↳ db/seeds.rb:10
  [1m[36mHog Create (0.4ms)[0m  [1m[32mINSERT INTO "hogs" ("name", "created_at", "updated_at") VALUES ($1, $2, $3) RETURNING "id"[0m  [["name", "Bacon"], ["created_at", "2019-01-16 16:28:36.312776"], ["updated_at", "2019-01-16 16:28:36.312776"]]
  ↳ db/seeds.rb:10
  [1m[35m (0.3ms)[0m  [1m[35mCOMMIT[0m
  ↳ db/seeds.rb:10
  [1m[35m (0.1ms)[0m  [1m[35mBEGIN[0m
  ↳ db/seeds.rb:11
  [1m[36mHog Create (0.2ms)[0m  [1m[32mINSERT INTO "hogs" ("name", "created_at", "updated_at") VALUES ($1, $2, $3) RETURNING "id"[0m  [["name", "Martha"], ["created_at", "2019-01-16 16:28:36.314939"], ["updated_at", "2019-01-16 16:28:36.314939"]]
  ↳ db/seeds.rb:11
  [1m[35m (0.3ms)[0m  [1m[35mCOMMIT[0m
  ↳ db/seeds.rb:11
  [1m[35m (0.1ms)[0m  [1m[35mBEGIN[0m
  ↳ db/seeds.rb:12
  [1m[36mHog Create (0.4ms)[0m  [1m[32mINSERT INTO "hogs" ("name", "created_at", "updated_at") VALUES ($1, $2, $3) RETURNING "id"[0m  [["name", "Lane"], ["created_at", "2019-01-16 16:28:36.316777"], ["updated_at", "2019-01-16 16:28:36.316777"]]
  ↳ db/seeds.rb:12
  [1m[35m (0.5ms)[0m  [1m[35mCOMMIT[0m
  ↳ db/seeds.rb:12
  [1m[35m (0.2ms)[0m  [1m[35mBEGIN[0m
  ↳ db/seeds.rb:13
  [1m[36mHog Create (0.4ms)[0m  [1m[32mINSERT INTO "hogs" ("name", "created_at", "updated_at") VALUES ($1, $2, $3) RETURNING "id"[0m  [["name", "Hillary"], ["created_at", "2019-01-16 16:28:36.319250"], ["updated_at", "2019-01-16 16:28:36.319250"]]
  ↳ db/seeds.rb:13
  [1m[35m (0.4ms)[0m  [1m[35mCOMMIT[0m
  ↳ db/seeds.rb:13
  [1m[35m (0.1ms)[0m  [1m[35mBEGIN[0m
  ↳ db/seeds.rb:14
  [1m[36mHog Create (0.3ms)[0m  [1m[32mINSERT INTO "hogs" ("name", "created_at", "updated_at") VALUES ($1, $2, $3) RETURNING "id"[0m  [["name", "Paul"], ["created_at", "2019-01-16 16:28:36.321559"], ["updated_at", "2019-01-16 16:28:36.321559"]]
  ↳ db/seeds.rb:14
  [1m[35m (0.4ms)[0m  [1m[35mCOMMIT[0m
  ↳ db/seeds.rb:14
  [1m[35m (3.0ms)[0m  [1m[34mSELECT pg_try_advisory_lock(6444763710856468305)[0m
  ↳ /Users/thuyan.duong/.rvm/gems/ruby-2.4.5/bin/rake:23
  [1m[35m (1.4ms)[0m  [1m[34mSELECT "schema_migrations"."version" FROM "schema_migrations" ORDER BY "schema_migrations"."version" ASC[0m
  ↳ /Users/thuyan.duong/.rvm/gems/ruby-2.4.5/bin/rake:23
  [1m[36mActiveRecord::InternalMetadata Load (0.5ms)[0m  [1m[34mSELECT  "ar_internal_metadata".* FROM "ar_internal_metadata" WHERE "ar_internal_metadata"."key" = $1 LIMIT $2[0m  [["key", "environment"], ["LIMIT", 1]]
  ↳ /Users/thuyan.duong/.rvm/gems/ruby-2.4.5/bin/rake:23
  [1m[35m (0.1ms)[0m  [1m[35mBEGIN[0m
  ↳ /Users/thuyan.duong/.rvm/gems/ruby-2.4.5/bin/rake:23
  [1m[35m (0.1ms)[0m  [1m[35mCOMMIT[0m
  ↳ /Users/thuyan.duong/.rvm/gems/ruby-2.4.5/bin/rake:23
  [1m[35m (0.3ms)[0m  [1m[34mSELECT pg_advisory_unlock(6444763710856468305)[0m
  ↳ /Users/thuyan.duong/.rvm/gems/ruby-2.4.5/bin/rake:23
  [1m[35m (0.3ms)[0m  [1m[34mSELECT "schema_migrations"."version" FROM "schema_migrations" ORDER BY "schema_migrations"."version" ASC[0m
  ↳ /Users/thuyan.duong/.rvm/gems/ruby-2.4.5/bin/rake:23
Started GET "/hogs" for 127.0.0.1 at 2019-01-16 11:28:55 -0500
  [1m[35m (0.8ms)[0m  [1m[34mSELECT "schema_migrations"."version" FROM "schema_migrations" ORDER BY "schema_migrations"."version" ASC[0m
  ↳ /Users/thuyan.duong/.rvm/gems/ruby-2.4.5/gems/activerecord-5.2.2/lib/active_record/log_subscriber.rb:98
Processing by HogsController#index as HTML
  [1m[36mHog Load (0.6ms)[0m  [1m[34mSELECT "hogs".* FROM "hogs"[0m
  ↳ app/controllers/hogs_controller.rb:3
Completed 200 OK in 14ms (Views: 1.0ms | ActiveRecord: 7.2ms)


